Psy Shell v0.9.9 (PHP 7.2.11-2+0~20181015120801.9+stretch~1.gbp8105e0 — cli) by Justin Hileman
[!] Aliasing 'User' to 'App\Models\User' for this Tinker session.
=> Illuminate\Database\Eloquent\Collection {#3455
     all: [
       App\Models\User {#3467
         id: 8,
         username: "nancyclemmer@me.com",
         contact_id: null,
         email: "nancyclemmer@me.com",
         slug: "nclemmer",
         dob_at: null,
         accepted_tos_at: null,
         last_login_at: null,
         email_confirmed_at: null,
         login_attempts: 0,
         active: 1,
         deleted_at: null,
         created_at: "2018-10-30 17:00:29",
         updated_at: "2018-10-30 17:00:29",
         contact: null,
       },
       App\Models\User {#3468
         id: 9,
         username: "chandler@mazestonelaw.com",
         contact_id: null,
         email: "chandler@mazestonelaw.com",
         slug: "cmaze",
         dob_at: null,
         accepted_tos_at: null,
         last_login_at: null,
         email_confirmed_at: null,
         login_attempts: 0,
         active: 1,
         deleted_at: null,
         created_at: "2018-10-30 17:00:30",
         updated_at: "2018-10-30 17:00:30",
         contact: null,
       },
       App\Models\User {#3469
         id: 10,
         username: "kendra.montejos@centre.edu",
         contact_id: 2,
         email: "kendra.montejos@centre.edu",
         slug: null,
         dob_at: null,
         accepted_tos_at: null,
         last_login_at: null,
         email_confirmed_at: null,
         login_attempts: 0,
         active: 0,
         deleted_at: null,
         created_at: "2018-10-30 17:01:14",
         updated_at: "2018-10-30 17:01:14",
         contact: App\Models\Contact {#3558
           id: 2,
           name_id: 6,
           deleted_at: null,
           created_at: "2018-10-30 17:01:14",
           updated_at: "2018-10-30 17:01:14",
           creator_id: 1,
           owner_id: 1,
           organizations: Illuminate\Database\Eloquent\Collection {#3635
             all: [
               App\Models\Organization {#3713
                 id: 30,
                 address_id: null,
                 name_display: "Centre College",
                 name_alpha: "Centre College",
                 email: null,
                 website: "www.centre.edu",
                 deleted_at: null,
                 created_at: "2018-10-30 17:00:54",
                 updated_at: "2018-10-30 17:00:54",
                 creator_id: 1,
                 owner_id: 1,
                 pivot: Illuminate\Database\Eloquent\Relations\Pivot {#3712 …2},
               },
             ],
           },
         },
       },
       App\Models\User {#3470
         id: 16,
         username: "cutler@clemson.edu",
         contact_id: 8,
         email: "cutler@clemson.edu",
         slug: null,
         dob_at: null,
         accepted_tos_at: null,
         last_login_at: null,
         email_confirmed_at: null,
         login_attempts: 0,
         active: 0,
         deleted_at: null,
         created_at: "2018-10-30 17:01:17",
         updated_at: "2018-10-30 17:01:17",
         contact: App\Models\Contact {#3559
           id: 8,
           name_id: 12,
           deleted_at: null,
           created_at: "2018-10-30 17:01:17",
           updated_at: "2018-10-30 17:01:17",
           creator_id: 1,
           owner_id: 1,
           organizations: Illuminate\Database\Eloquent\Collection {#3390
             all: [],
           },
         },
       },
       App\Models\User {#3471
         id: 19,
         username: "gaio@kenyon.edu",
         contact_id: 11,
         email: "gaio@kenyon.edu",
         slug: null,
         dob_at: null,
         accepted_tos_at: null,
         last_login_at: null,
         email_confirmed_at: null,
         login_attempts: 0,
         active: 0,
         deleted_at: null,
         created_at: "2018-10-30 17:01:17",
         updated_at: "2018-10-30 17:01:17",
         contact: App\Models\Contact {#3560
           id: 11,
           name_id: 15,
           deleted_at: null,
           created_at: "2018-10-30 17:01:17",
           updated_at: "2018-10-30 17:01:17",
           creator_id: 1,
           owner_id: 1,
           organizations: Illuminate\Database\Eloquent\Collection {#3557
             all: [
               App\Models\Organization {#3714
                 id: 100,
                 address_id: null,
                 name_display: "Kenyon College",
                 name_alpha: "Kenyon College",
                 email: null,
                 website: "www.kenyon.edu",
                 deleted_at: null,
                 created_at: "2018-10-30 17:00:56",
                 updated_at: "2018-10-30 17:00:56",
                 creator_id: 1,
                 owner_id: 1,
                 pivot: Illuminate\Database\Eloquent\Relations\Pivot {#3706 …2},
               },
             ],
           },
         },
       },
       App\Models\User {#3472
         id: 20,
         username: "jjemison@kenyon.edu",
         contact_id: 12,
         email: "jjemison@kenyon.edu",
         slug: null,
         dob_at: null,
         accepted_tos_at: null,
         last_login_at: null,
         email_confirmed_at: null,
         login_attempts: 0,
         active: 0,
         deleted_at: null,
         created_at: "2018-10-30 17:01:17",
         updated_at: "2018-10-30 17:01:17",
         contact: App\Models\Contact {#3561
           id: 12,
           name_id: 16,
           deleted_at: null,
           created_at: "2018-10-30 17:01:17",
           updated_at: "2018-10-30 17:01:17",
           creator_id: 1,
           owner_id: 1,
           organizations: Illuminate\Database\Eloquent\Collection {#3392
             all: [
               App\Models\Organization {#3715
                 id: 100,
                 address_id: null,
                 name_display: "Kenyon College",
                 name_alpha: "Kenyon College",
                 email: null,
                 website: "www.kenyon.edu",
                 deleted_at: null,
                 created_at: "2018-10-30 17:00:56",
                 updated_at: "2018-10-30 17:00:56",
                 creator_id: 1,
                 owner_id: 1,
                 pivot: Illuminate\Database\Eloquent\Relations\Pivot {#3705 …2},
               },
             ],
           },
         },
       },
       App\Models\User {#3473
         id: 21,
         username: "acrabtree@usfca.edu",
         contact_id: 13,
         email: "acrabtree@usfca.edu",
         slug: null,
         dob_at: null,
         accepted_tos_at: null,
         last_login_at: null,
         email_confirmed_at: null,
         login_attempts: 0,
         active: 0,
         deleted_at: null,
         created_at: "2018-10-30 17:01:18",
         updated_at: "2018-10-30 17:01:18",
         contact: App\Models\Contact {#3562
           id: 13,
           name_id: 17,
           deleted_at: null,
           created_at: "2018-10-30 17:01:17",
           updated_at: "2018-10-30 17:01:17",
           creator_id: 1,
           owner_id: 1,
           organizations: Illuminate\Database\Eloquent\Collection {#3389
             all: [
               App\Models\Organization {#3716
                 id: 156,
                 address_id: null,
                 name_display: "University of San Francisco",
                 name_alpha: "San Francisco, University of",
                 email: null,
                 website: "www.usfca.edu",
                 deleted_at: null,
                 created_at: "2018-10-30 17:00:56",
                 updated_at: "2018-10-30 17:00:56",
                 creator_id: 1,
                 owner_id: 1,
                 pivot: Illuminate\Database\Eloquent\Relations\Pivot {#3704 …2},
               },
             ],
           },
         },
       },
       App\Models\User {#3474
         id: 23,
         username: "esdong@usfca.edu",
         contact_id: 15,
         email: "esdong@usfca.edu",
         slug: null,
         dob_at: null,
         accepted_tos_at: null,
         last_login_at: null,
         email_confirmed_at: null,
         login_attempts: 0,
         active: 0,
         deleted_at: null,
         created_at: "2018-10-30 17:01:18",
         updated_at: "2018-10-30 17:01:18",
         contact: App\Models\Contact {#3563
           id: 15,
           name_id: 19,
           deleted_at: null,
           created_at: "2018-10-30 17:01:18",
           updated_at: "2018-10-30 17:01:18",
           creator_id: 1,
           owner_id: 1,
           organizations: Illuminate\Database\Eloquent\Collection {#3393
             all: [
               App\Models\Organization {#3717
                 id: 156,
                 address_id: null,
                 name_display: "University of San Francisco",
                 name_alpha: "San Francisco, University of",
                 email: null,
                 website: "www.usfca.edu",
                 deleted_at: null,
                 created_at: "2018-10-30 17:00:56",
                 updated_at: "2018-10-30 17:00:56",
                 creator_id: 1,
                 owner_id: 1,
                 pivot: Illuminate\Database\Eloquent\Relations\Pivot {#3703 …2},
               },
             ],
           },
         },
       },
       App\Models\User {#3475
         id: 27,
         username: "cschrider@leeuniversity.edu",
         contact_id: 19,
         email: "cschrider@leeuniversity.edu",
         slug: null,
         dob_at: null,
         accepted_tos_at: null,
         last_login_at: null,
         email_confirmed_at: null,
         login_attempts: 0,
         active: 0,
         deleted_at: null,
         created_at: "2018-10-30 17:01:18",
         updated_at: "2018-10-30 17:01:18",
         contact: App\Models\Contact {#3564
           id: 19,
           name_id: 23,
           deleted_at: null,
           created_at: "2018-10-30 17:01:18",
           updated_at: "2018-10-30 17:01:18",
           creator_id: 1,
           owner_id: 1,
           organizations: Illuminate\Database\Eloquent\Collection {#3388
             all: [
               App\Models\Organization {#3718
                 id: 104,
                 address_id: null,
                 name_display: "Lee University",
                 name_alpha: "Lee University",
                 email: null,
                 website: "www.leeuniversity.edu",
                 deleted_at: null,
                 created_at: "2018-10-30 17:00:56",
                 updated_at: "2018-10-30 17:00:56",
                 creator_id: 1,
                 owner_id: 1,
                 pivot: Illuminate\Database\Eloquent\Relations\Pivot {#3702 …2},
               },
             ],
           },
         },
       },
       App\Models\User {#3476
         id: 28,
         username: "mparker@leeuniversity.edu",
         contact_id: 20,
         email: "mparker@leeuniversity.edu",
         slug: null,
         dob_at: null,
         accepted_tos_at: null,
         last_login_at: null,
         email_confirmed_at: null,
         login_attempts: 0,
         active: 0,
         deleted_at: null,
         created_at: "2018-10-30 17:01:18",
         updated_at: "2018-10-30 17:01:18",
         contact: App\Models\Contact {#3565
           id: 20,
           name_id: 24,
           deleted_at: null,
           created_at: "2018-10-30 17:01:18",
           updated_at: "2018-10-30 17:01:18",
           creator_id: 1,
           owner_id: 1,
           organizations: Illuminate\Database\Eloquent\Collection {#3387
             all: [
               App\Models\Organization {#3719
                 id: 104,
                 address_id: null,
                 name_display: "Lee University",
                 name_alpha: "Lee University",
                 email: null,
                 website: "www.leeuniversity.edu",
                 deleted_at: null,
                 created_at: "2018-10-30 17:00:56",
                 updated_at: "2018-10-30 17:00:56",
                 creator_id: 1,
                 owner_id: 1,
                 pivot: Illuminate\Database\Eloquent\Relations\Pivot {#3701 …2},
               },
             ],
           },
         },
       },
       App\Models\User {#3477
         id: 29,
         username: "ctipton@leeuniversity.edu",
         contact_id: 21,
         email: "ctipton@leeuniversity.edu",
         slug: null,
         dob_at: null,
         accepted_tos_at: null,
         last_login_at: null,
         email_confirmed_at: null,
         login_attempts: 0,
         active: 0,
         deleted_at: null,
         created_at: "2018-10-30 17:01:19",
         updated_at: "2018-10-30 17:01:19",
         contact: App\Models\Contact {#3566
           id: 21,
           name_id: 25,
           deleted_at: null,
           created_at: "2018-10-30 17:01:18",
           updated_at: "2018-10-30 17:01:18",
           creator_id: 1,
           owner_id: 1,
           organizations: Illuminate\Database\Eloquent\Collection {#3386
             all: [
               App\Models\Organization {#3720
                 id: 104,
                 address_id: null,
                 name_display: "Lee University",
                 name_alpha: "Lee University",
                 email: null,
                 website: "www.leeuniversity.edu",
                 deleted_at: null,
                 created_at: "2018-10-30 17:00:56",
                 updated_at: "2018-10-30 17:00:56",
                 creator_id: 1,
                 owner_id: 1,
                 pivot: Illuminate\Database\Eloquent\Relations\Pivot {#3700 …2},
               },
             ],
           },
         },
       },
       App\Models\User {#3478
         id: 49,
         username: "jmallard@georgiasouthern.edu",
         contact_id: 41,
         email: "jmallard@georgiasouthern.edu",
         slug: null,
         dob_at: null,
         accepted_tos_at: null,
         last_login_at: null,
         email_confirmed_at: null,
         login_attempts: 0,
         active: 0,
         deleted_at: null,
         created_at: "2018-10-30 17:01:23",
         updated_at: "2018-10-30 17:01:23",
         contact: App\Models\Contact {#3567
           id: 41,
           name_id: 45,
           deleted_at: null,
           created_at: "2018-10-30 17:01:23",
           updated_at: "2018-10-30 17:01:23",
           creator_id: 1,
           owner_id: 1,
           organizations: Illuminate\Database\Eloquent\Collection {#3385
             all: [
               App\Models\Organization {#3721
                 id: 76,
                 address_id: null,
                 name_display: "Georgia Southern University",
                 name_alpha: "Georgia Southern University",
                 email: null,
                 website: "www.georgiasouthern.edu",
                 deleted_at: null,
                 created_at: "2018-10-30 17:00:55",
                 updated_at: "2018-10-30 17:00:55",
                 creator_id: 1,
                 owner_id: 1,
                 pivot: Illuminate\Database\Eloquent\Relations\Pivot {#3699 …2},
               },
             ],
           },
         },
       },
       App\Models\User {#3479
         id: 55,
         username: "ckercheval@wittenberg.edu",
         contact_id: 47,
         email: "ckercheval@wittenberg.edu",
         slug: null,
         dob_at: null,
         accepted_tos_at: null,
         last_login_at: null,
         email_confirmed_at: null,
         login_attempts: 0,
         active: 0,
         deleted_at: null,
         created_at: "2018-10-30 17:01:24",
         updated_at: "2018-10-30 17:01:24",
         contact: App\Models\Contact {#3568
           id: 47,
           name_id: 51,
           deleted_at: null,
           created_at: "2018-10-30 17:01:24",
           updated_at: "2018-10-30 17:01:24",
           creator_id: 1,
           owner_id: 1,
           organizations: Illuminate\Database\Eloquent\Collection {#3384
             all: [
               App\Models\Organization {#3722
                 id: 210,
                 address_id: null,
                 name_display: "Wittenberg University",
                 name_alpha: "Wittenberg University",
                 email: null,
                 website: "www.wittenberg.edu",
                 deleted_at: null,
                 created_at: "2018-10-30 17:00:57",
                 updated_at: "2018-10-30 17:00:57",
                 creator_id: 1,
                 owner_id: 1,
                 pivot: Illuminate\Database\Eloquent\Relations\Pivot {#3698 …2},
               },
             ],
           },
         },
       },
       App\Models\User {#3480
         id: 56,
         username: "ckercheval@earthlink.net",
         contact_id: 48,
         email: "ckercheval@earthlink.net",
         slug: null,
         dob_at: null,
         accepted_tos_at: null,
         last_login_at: null,
         email_confirmed_at: null,
         login_attempts: 0,
         active: 0,
         deleted_at: null,
         created_at: "2018-10-30 17:01:25",
         updated_at: "2018-10-30 17:01:25",
         contact: App\Models\Contact {#3569
           id: 48,
           name_id: 52,
           deleted_at: null,
           created_at: "2018-10-30 17:01:25",
           updated_at: "2018-10-30 17:01:25",
           creator_id: 1,
           owner_id: 1,
           organizations: Illuminate\Database\Eloquent\Collection {#3383
             all: [
               App\Models\Organization {#3723
                 id: 210,
                 address_id: null,
                 name_display: "Wittenberg University",
                 name_alpha: "Wittenberg University",
                 email: null,
                 website: "www.wittenberg.edu",
                 deleted_at: null,
                 created_at: "2018-10-30 17:00:57",
                 updated_at: "2018-10-30 17:00:57",
                 creator_id: 1,
                 owner_id: 1,
                 pivot: Illuminate\Database\Eloquent\Relations\Pivot {#3697 …2},
               },
             ],
           },
         },
       },
       App\Models\User {#3481
         id: 61,
         username: "sharon.robbins@converse.edu",
         contact_id: 53,
         email: "sharon.robbins@converse.edu",
         slug: null,
         dob_at: null,
         accepted_tos_at: null,
         last_login_at: null,
         email_confirmed_at: null,
         login_attempts: 0,
         active: 0,
         deleted_at: null,
         created_at: "2018-10-30 17:01:26",
         updated_at: "2018-10-30 17:01:26",
         contact: App\Models\Contact {#3570
           id: 53,
           name_id: 57,
           deleted_at: null,
           created_at: "2018-10-30 17:01:25",
           updated_at: "2018-10-30 17:01:25",
           creator_id: 1,
           owner_id: 1,
           organizations: Illuminate\Database\Eloquent\Collection {#3382
             all: [
               App\Models\Organization {#3724
                 id: 45,
                 address_id: null,
                 name_display: "Converse College",
                 name_alpha: "Converse College",
                 email: null,
                 website: "www.converse.edu",
                 deleted_at: null,
                 created_at: "2018-10-30 17:00:54",
                 updated_at: "2018-10-30 17:00:54",
                 creator_id: 1,
                 owner_id: 1,
                 pivot: Illuminate\Database\Eloquent\Relations\Pivot {#3696 …2},
               },
             ],
           },
         },
       },
       App\Models\User {#3482
         id: 75,
         username: "jaye.west@msstate.edu",
         contact_id: 67,
         email: "jaye.west@msstate.edu",
         slug: null,
         dob_at: null,
         accepted_tos_at: null,
         last_login_at: null,
         email_confirmed_at: null,
         login_attempts: 0,
         active: 0,
         deleted_at: null,
         created_at: "2018-10-30 17:01:30",
         updated_at: "2018-10-30 17:01:30",
         contact: App\Models\Contact {#3571
           id: 67,
           name_id: 71,
           deleted_at: null,
           created_at: "2018-10-30 17:01:30",
           updated_at: "2018-10-30 17:01:30",
           creator_id: 1,
           owner_id: 1,
           organizations: Illuminate\Database\Eloquent\Collection {#3381
             all: [
               App\Models\Organization {#3725
                 id: 124,
                 address_id: null,
                 name_display: "Mississippi State University",
                 name_alpha: "Mississippi State University",
                 email: null,
                 website: "www.msstate.edu",
                 deleted_at: null,
                 created_at: "2018-10-30 17:00:56",
                 updated_at: "2018-10-30 17:00:56",
                 creator_id: 1,
                 owner_id: 1,
                 pivot: Illuminate\Database\Eloquent\Relations\Pivot {#3695 …2},
               },
             ],
           },
         },
       },
       App\Models\User {#3483
         id: 78,
         username: "mcamp@uga.edu",
         contact_id: 70,
         email: "mcamp@uga.edu",
         slug: null,
         dob_at: null,
         accepted_tos_at: null,
         last_login_at: null,
         email_confirmed_at: null,
         login_attempts: 0,
         active: 0,
         deleted_at: null,
         created_at: "2018-10-30 17:01:30",
         updated_at: "2018-10-30 17:01:30",
         contact: App\Models\Contact {#3572
           id: 70,
           name_id: 74,
           deleted_at: null,
           created_at: "2018-10-30 17:01:30",
           updated_at: "2018-10-30 17:01:30",
           creator_id: 1,
           owner_id: 1,
           organizations: Illuminate\Database\Eloquent\Collection {#3401
             all: [
               App\Models\Organization {#3726
                 id: 77,
                 address_id: null,
                 name_display: "University of Georgia",
                 name_alpha: "Georgia, University of",
                 email: null,
                 website: "www.uga.edu",
                 deleted_at: null,
                 created_at: "2018-10-30 17:00:55",
                 updated_at: "2018-10-30 17:00:55",
                 creator_id: 1,
                 owner_id: 1,
                 pivot: Illuminate\Database\Eloquent\Relations\Pivot {#3694 …2},
               },
             ],
           },
         },
       },
       App\Models\User {#3484
         id: 79,
         username: "abrimanson@uga.edu",
         contact_id: 71,
         email: "abrimanson@uga.edu",
         slug: null,
         dob_at: null,
         accepted_tos_at: null,
         last_login_at: null,
         email_confirmed_at: null,
         login_attempts: 0,
         active: 0,
         deleted_at: null,
         created_at: "2018-10-30 17:01:30",
         updated_at: "2018-10-30 17:01:30",
         contact: App\Models\Contact {#3573
           id: 71,
           name_id: 75,
           deleted_at: null,
           created_at: "2018-10-30 17:01:30",
           updated_at: "2018-10-30 17:01:30",
           creator_id: 1,
           owner_id: 1,
           organizations: Illuminate\Database\Eloquent\Collection {#3403
             all: [
               App\Models\Organization {#3727
                 id: 77,
                 address_id: null,
                 name_display: "University of Georgia",
                 name_alpha: "Georgia, University of",
                 email: null,
                 website: "www.uga.edu",
                 deleted_at: null,
                 created_at: "2018-10-30 17:00:55",
                 updated_at: "2018-10-30 17:00:55",
                 creator_id: 1,
                 owner_id: 1,
                 pivot: Illuminate\Database\Eloquent\Relations\Pivot {#3693 …2},
               },
             ],
           },
         },
       },
       App\Models\User {#3485
         id: 84,
         username: "Annette.Mollenkopf@kit.edu",
         contact_id: 76,
         email: "Annette.Mollenkopf@kit.edu",
         slug: null,
         dob_at: null,
         accepted_tos_at: null,
         last_login_at: null,
         email_confirmed_at: null,
         login_attempts: 0,
         active: 0,
         deleted_at: null,
         created_at: "2018-10-30 17:01:31",
         updated_at: "2018-10-30 17:01:31",
         contact: App\Models\Contact {#3574
           id: 76,
           name_id: 80,
           deleted_at: null,
           created_at: "2018-10-30 17:01:31",
           updated_at: "2018-10-30 17:01:31",
           creator_id: 1,
           owner_id: 1,
           organizations: Illuminate\Database\Eloquent\Collection {#3404
             all: [
               App\Models\Organization {#3728
                 id: 96,
                 address_id: null,
                 name_display: "Karlsruhe Institute of Technology - Carl Benz School of Engineering",
                 name_alpha: "Karlsruhe Institute of Technology - Carl Benz School of Engineering",
                 email: null,
                 website: "carlbenz.idschools.kit.edu",
                 deleted_at: null,
                 created_at: "2018-10-30 17:00:56",
                 updated_at: "2018-10-30 17:00:56",
                 creator_id: 1,
                 owner_id: 1,
                 pivot: Illuminate\Database\Eloquent\Relations\Pivot {#3692 …2},
               },
             ],
           },
         },
       },
       App\Models\User {#3486
         id: 85,
         username: "Annette.Gambach@kit.edu",
         contact_id: 77,
         email: "Annette.Gambach@kit.edu",
         slug: null,
         dob_at: null,
         accepted_tos_at: null,
         last_login_at: null,
         email_confirmed_at: null,
         login_attempts: 0,
         active: 0,
         deleted_at: null,
         created_at: "2018-10-30 17:01:31",
         updated_at: "2018-10-30 17:01:31",
         contact: App\Models\Contact {#3575
           id: 77,
           name_id: 81,
           deleted_at: null,
           created_at: "2018-10-30 17:01:31",
           updated_at: "2018-10-30 17:01:31",
           creator_id: 1,
           owner_id: 1,
           organizations: Illuminate\Database\Eloquent\Collection {#3405
             all: [
               App\Models\Organization {#3729
                 id: 96,
                 address_id: null,
                 name_display: "Karlsruhe Institute of Technology - Carl Benz School of Engineering",
                 name_alpha: "Karlsruhe Institute of Technology - Carl Benz School of Engineering",
                 email: null,
                 website: "carlbenz.idschools.kit.edu",
                 deleted_at: null,
                 created_at: "2018-10-30 17:00:56",
                 updated_at: "2018-10-30 17:00:56",
                 creator_id: 1,
                 owner_id: 1,
                 pivot: Illuminate\Database\Eloquent\Relations\Pivot {#3691 …2},
               },
             ],
           },
         },
       },
       App\Models\User {#3487
         id: 86,
         username: "a.mwakisu@jacobs-university.de",
         contact_id: 78,
         email: "a.mwakisu@jacobs-university.de",
         slug: null,
         dob_at: null,
         accepted_tos_at: null,
         last_login_at: null,
         email_confirmed_at: null,
         login_attempts: 0,
         active: 0,
         deleted_at: null,
         created_at: "2018-10-30 17:01:31",
         updated_at: "2018-10-30 17:01:31",
         contact: App\Models\Contact {#3576
           id: 78,
           name_id: 82,
           deleted_at: null,
           created_at: "2018-10-30 17:01:31",
           updated_at: "2018-10-30 17:01:31",
           creator_id: 1,
           owner_id: 1,
           organizations: Illuminate\Database\Eloquent\Collection {#3406
             all: [
               App\Models\Organization {#3730
                 id: 91,
                 address_id: null,
                 name_display: "Jacobs University Bremen",
                 name_alpha: "Jacobs University Bremen",
                 email: null,
                 website: "www.jacobs-university.de",
                 deleted_at: null,
                 created_at: "2018-10-30 17:00:56",
                 updated_at: "2018-10-30 17:00:56",
                 creator_id: 1,
                 owner_id: 1,
                 pivot: Illuminate\Database\Eloquent\Relations\Pivot {#3690 …2},
               },
             ],
           },
         },
       },
       App\Models\User {#3488
         id: 96,
         username: "ejdowney@loyno.edu",
         contact_id: 88,
         email: "ejdowney@loyno.edu",
         slug: null,
         dob_at: null,
         accepted_tos_at: null,
         last_login_at: null,
         email_confirmed_at: null,
         login_attempts: 0,
         active: 0,
         deleted_at: null,
         created_at: "2018-10-30 17:01:35",
         updated_at: "2018-10-30 17:01:35",
         contact: App\Models\Contact {#3577
           id: 88,
           name_id: 92,
           deleted_at: null,
           created_at: "2018-10-30 17:01:35",
           updated_at: "2018-10-30 17:01:35",
           creator_id: 1,
           owner_id: 1,
           organizations: Illuminate\Database\Eloquent\Collection {#3407
             all: [
               App\Models\Organization {#3731
                 id: 111,
                 address_id: null,
                 name_display: "Loyola University New Orleans",
                 name_alpha: "Loyola University New Orleans",
                 email: null,
                 website: "www.loyno.edu",
                 deleted_at: null,
                 created_at: "2018-10-30 17:00:56",
                 updated_at: "2018-10-30 17:00:56",
                 creator_id: 1,
                 owner_id: 1,
                 pivot: Illuminate\Database\Eloquent\Relations\Pivot {#3689 …2},
               },
             ],
           },
         },
       },
       App\Models\User {#3489
         id: 97,
         username: "jbuhler@loyno.edu",
         contact_id: 89,
         email: "jbuhler@loyno.edu",
         slug: null,
         dob_at: null,
         accepted_tos_at: null,
         last_login_at: null,
         email_confirmed_at: null,
         login_attempts: 0,
         active: 0,
         deleted_at: null,
         created_at: "2018-10-30 17:01:35",
         updated_at: "2018-10-30 17:01:35",
         contact: App\Models\Contact {#3578
           id: 89,
           name_id: 93,
           deleted_at: null,
           created_at: "2018-10-30 17:01:35",
           updated_at: "2018-10-30 17:01:35",
           creator_id: 1,
           owner_id: 1,
           organizations: Illuminate\Database\Eloquent\Collection {#3408
             all: [
               App\Models\Organization {#3732
                 id: 111,
                 address_id: null,
                 name_display: "Loyola University New Orleans",
                 name_alpha: "Loyola University New Orleans",
                 email: null,
                 website: "www.loyno.edu",
                 deleted_at: null,
                 created_at: "2018-10-30 17:00:56",
                 updated_at: "2018-10-30 17:00:56",
                 creator_id: 1,
                 owner_id: 1,
                 pivot: Illuminate\Database\Eloquent\Relations\Pivot {#3688 …2},
               },
             ],
           },
         },
       },
       App\Models\User {#3490
         id: 98,
         username: "edharris@loyno.edu",
         contact_id: 90,
         email: "edharris@loyno.edu",
         slug: null,
         dob_at: null,
         accepted_tos_at: null,
         last_login_at: null,
         email_confirmed_at: null,
         login_attempts: 0,
         active: 0,
         deleted_at: null,
         created_at: "2018-10-30 17:01:35",
         updated_at: "2018-10-30 17:01:35",
         contact: App\Models\Contact {#3579
           id: 90,
           name_id: 94,
           deleted_at: null,
           created_at: "2018-10-30 17:01:35",
           updated_at: "2018-10-30 17:01:35",
           creator_id: 1,
           owner_id: 1,
           organizations: Illuminate\Database\Eloquent\Collection {#3409
             all: [
               App\Models\Organization {#3733
                 id: 111,
                 address_id: null,
                 name_display: "Loyola University New Orleans",
                 name_alpha: "Loyola University New Orleans",
                 email: null,
                 website: "www.loyno.edu",
                 deleted_at: null,
                 created_at: "2018-10-30 17:00:56",
                 updated_at: "2018-10-30 17:00:56",
                 creator_id: 1,
                 owner_id: 1,
                 pivot: Illuminate\Database\Eloquent\Relations\Pivot {#3687 …2},
               },
             ],
           },
         },
       },
       App\Models\User {#3491
         id: 102,
         username: "alupo@hillsdale.edu",
         contact_id: 94,
         email: "alupo@hillsdale.edu",
         slug: null,
         dob_at: null,
         accepted_tos_at: null,
         last_login_at: null,
         email_confirmed_at: null,
         login_attempts: 0,
         active: 0,
         deleted_at: null,
         created_at: "2018-10-30 17:01:36",
         updated_at: "2018-10-30 17:01:36",
         contact: App\Models\Contact {#3580
           id: 94,
           name_id: 98,
           deleted_at: null,
           created_at: "2018-10-30 17:01:36",
           updated_at: "2018-10-30 17:01:36",
           creator_id: 1,
           owner_id: 1,
           organizations: Illuminate\Database\Eloquent\Collection {#3410
             all: [
               App\Models\Organization {#3734
                 id: 83,
                 address_id: null,
                 name_display: "Hillsdale College",
                 name_alpha: "Hillsdale College",
                 email: null,
                 website: "www.hillsdale.edu",
                 deleted_at: null,
                 created_at: "2018-10-30 17:00:56",
                 updated_at: "2018-10-30 17:00:56",
                 creator_id: 1,
                 owner_id: 1,
                 pivot: Illuminate\Database\Eloquent\Relations\Pivot {#3686 …2},
               },
             ],
           },
         },
       },
       App\Models\User {#3492
         id: 109,
         username: "mhubbard1@brenau.edu",
         contact_id: 101,
         email: "mhubbard1@brenau.edu",
         slug: null,
         dob_at: null,
         accepted_tos_at: null,
         last_login_at: null,
         email_confirmed_at: null,
         login_attempts: 0,
         active: 0,
         deleted_at: null,
         created_at: "2018-10-30 17:01:37",
         updated_at: "2018-10-30 17:01:37",
         contact: App\Models\Contact {#3581
           id: 101,
           name_id: 105,
           deleted_at: null,
           created_at: "2018-10-30 17:01:37",
           updated_at: "2018-10-30 17:01:37",
           creator_id: 1,
           owner_id: 1,
           organizations: Illuminate\Database\Eloquent\Collection {#3412
             all: [],
           },
         },
       },
       App\Models\User {#3493
         id: 116,
         username: "hblanton@tusculum.edu",
         contact_id: 108,
         email: "hblanton@tusculum.edu",
         slug: null,
         dob_at: null,
         accepted_tos_at: null,
         last_login_at: null,
         email_confirmed_at: null,
         login_attempts: 0,
         active: 0,
         deleted_at: null,
         created_at: "2018-10-30 17:01:39",
         updated_at: "2018-10-30 17:01:39",
         contact: App\Models\Contact {#3582
           id: 108,
           name_id: 112,
           deleted_at: null,
           created_at: "2018-10-30 17:01:39",
           updated_at: "2018-10-30 17:01:39",
           creator_id: 1,
           owner_id: 1,
           organizations: Illuminate\Database\Eloquent\Collection {#3411
             all: [
               App\Models\Organization {#3735
                 id: 190,
                 address_id: null,
                 name_display: "Tusculum College",
                 name_alpha: "Tusculum College",
                 email: null,
                 website: "www.tusculum.edu",
                 deleted_at: null,
                 created_at: "2018-10-30 17:00:57",
                 updated_at: "2018-10-30 17:00:57",
                 creator_id: 1,
                 owner_id: 1,
                 pivot: Illuminate\Database\Eloquent\Relations\Pivot {#3685 …2},
               },
             ],
           },
         },
       },
       App\Models\User {#3494
         id: 117,
         username: "ecoker@tusculum.edu",
         contact_id: 109,
         email: "ecoker@tusculum.edu",
         slug: null,
         dob_at: null,
         accepted_tos_at: null,
         last_login_at: null,
         email_confirmed_at: null,
         login_attempts: 0,
         active: 0,
         deleted_at: null,
         created_at: "2018-10-30 17:01:39",
         updated_at: "2018-10-30 17:01:39",
         contact: App\Models\Contact {#3583
           id: 109,
           name_id: 113,
           deleted_at: null,
           created_at: "2018-10-30 17:01:39",
           updated_at: "2018-10-30 17:01:39",
           creator_id: 1,
           owner_id: 1,
           organizations: Illuminate\Database\Eloquent\Collection {#3413
             all: [
               App\Models\Organization {#3736
                 id: 190,
                 address_id: null,
                 name_display: "Tusculum College",
                 name_alpha: "Tusculum College",
                 email: null,
                 website: "www.tusculum.edu",
                 deleted_at: null,
                 created_at: "2018-10-30 17:00:57",
                 updated_at: "2018-10-30 17:00:57",
                 creator_id: 1,
                 owner_id: 1,
                 pivot: Illuminate\Database\Eloquent\Relations\Pivot {#3684 …2},
               },
             ],
           },
         },
       },
       App\Models\User {#3495
         id: 119,
         username: "kkehner1@udayton.edu",
         contact_id: 111,
         email: "kkehner1@udayton.edu",
         slug: null,
         dob_at: null,
         accepted_tos_at: null,
         last_login_at: null,
         email_confirmed_at: null,
         login_attempts: 0,
         active: 0,
         deleted_at: null,
         created_at: "2018-10-30 17:01:39",
         updated_at: "2018-10-30 17:01:39",
         contact: App\Models\Contact {#3584
           id: 111,
           name_id: 115,
           deleted_at: null,
           created_at: "2018-10-30 17:01:39",
           updated_at: "2018-10-30 17:01:39",
           creator_id: 1,
           owner_id: 1,
           organizations: Illuminate\Database\Eloquent\Collection {#3414
             all: [
               App\Models\Organization {#3737
                 id: 50,
                 address_id: null,
                 name_display: "University of Dayton",
                 name_alpha: "Datyon, University of",
                 email: null,
                 website: "www.udayton.edu",
                 deleted_at: null,
                 created_at: "2018-10-30 17:00:54",
                 updated_at: "2018-10-30 17:00:54",
                 creator_id: 1,
                 owner_id: 1,
                 pivot: Illuminate\Database\Eloquent\Relations\Pivot {#3683 …2},
               },
             ],
           },
         },
       },
       App\Models\User {#3496
         id: 122,
         username: "kaluginata@missouri.edu",
         contact_id: 114,
         email: "kaluginata@missouri.edu",
         slug: null,
         dob_at: null,
         accepted_tos_at: null,
         last_login_at: null,
         email_confirmed_at: null,
         login_attempts: 0,
         active: 0,
         deleted_at: null,
         created_at: "2018-10-30 17:01:39",
         updated_at: "2018-10-30 17:01:39",
         contact: App\Models\Contact {#3585
           id: 114,
           name_id: 118,
           deleted_at: null,
           created_at: "2018-10-30 17:01:39",
           updated_at: "2018-10-30 17:01:39",
           creator_id: 1,
           owner_id: 1,
           organizations: Illuminate\Database\Eloquent\Collection {#3415
             all: [
               App\Models\Organization {#3738
                 id: 127,
                 address_id: null,
                 name_display: "University of Missouri",
                 name_alpha: "Missouri, University of",
                 email: null,
                 website: "www.missouri.edu",
                 deleted_at: null,
                 created_at: "2018-10-30 17:00:56",
                 updated_at: "2018-10-30 17:00:56",
                 creator_id: 1,
                 owner_id: 1,
                 pivot: Illuminate\Database\Eloquent\Relations\Pivot {#3682 …2},
               },
             ],
           },
         },
       },
       App\Models\User {#3497
         id: 129,
         username: "fennertw@wofford.edu",
         contact_id: 121,
         email: "fennertw@wofford.edu",
         slug: null,
         dob_at: null,
         accepted_tos_at: null,
         last_login_at: null,
         email_confirmed_at: null,
         login_attempts: 0,
         active: 0,
         deleted_at: null,
         created_at: "2018-10-30 17:01:40",
         updated_at: "2018-10-30 17:01:40",
         contact: App\Models\Contact {#3586
           id: 121,
           name_id: 125,
           deleted_at: null,
           created_at: "2018-10-30 17:01:40",
           updated_at: "2018-10-30 17:01:40",
           creator_id: 1,
           owner_id: 1,
           organizations: Illuminate\Database\Eloquent\Collection {#3416
             all: [
               App\Models\Organization {#3739
                 id: 211,
                 address_id: null,
                 name_display: "Wofford College",
                 name_alpha: "Wofford College",
                 email: null,
                 website: "www.wofford.edu",
                 deleted_at: null,
                 created_at: "2018-10-30 17:00:57",
                 updated_at: "2018-10-30 17:00:57",
                 creator_id: 1,
                 owner_id: 1,
                 pivot: Illuminate\Database\Eloquent\Relations\Pivot {#3681 …2},
               },
             ],
           },
         },
       },
       App\Models\User {#3498
         id: 130,
         username: "LorenzHE@wofford.edu",
         contact_id: 122,
         email: "LorenzHE@wofford.edu",
         slug: null,
         dob_at: null,
         accepted_tos_at: null,
         last_login_at: null,
         email_confirmed_at: null,
         login_attempts: 0,
         active: 0,
         deleted_at: null,
         created_at: "2018-10-30 17:01:41",
         updated_at: "2018-10-30 17:01:41",
         contact: App\Models\Contact {#3587
           id: 122,
           name_id: 126,
           deleted_at: null,
           created_at: "2018-10-30 17:01:40",
           updated_at: "2018-10-30 17:01:40",
           creator_id: 1,
           owner_id: 1,
           organizations: Illuminate\Database\Eloquent\Collection {#3417
             all: [
               App\Models\Organization {#3740
                 id: 211,
                 address_id: null,
                 name_display: "Wofford College",
                 name_alpha: "Wofford College",
                 email: null,
                 website: "www.wofford.edu",
                 deleted_at: null,
                 created_at: "2018-10-30 17:00:57",
                 updated_at: "2018-10-30 17:00:57",
                 creator_id: 1,
                 owner_id: 1,
                 pivot: Illuminate\Database\Eloquent\Relations\Pivot {#3680 …2},
               },
             ],
           },
         },
       },
       App\Models\User {#3499
         id: 132,
         username: "russellc@rhodes.edu",
         contact_id: 124,
         email: "russellc@rhodes.edu",
         slug: null,
         dob_at: null,
         accepted_tos_at: null,
         last_login_at: null,
         email_confirmed_at: null,
         login_attempts: 0,
         active: 0,
         deleted_at: null,
         created_at: "2018-10-30 17:01:44",
         updated_at: "2018-10-30 17:01:44",
         contact: App\Models\Contact {#3588
           id: 124,
           name_id: 128,
           deleted_at: null,
           created_at: "2018-10-30 17:01:44",
           updated_at: "2018-10-30 17:01:44",
           creator_id: 1,
           owner_id: 1,
           organizations: Illuminate\Database\Eloquent\Collection {#3418
             all: [
               App\Models\Organization {#3741
                 id: 148,
                 address_id: null,
                 name_display: "Rhodes College",
                 name_alpha: "Rhodes College",
                 email: null,
                 website: "www.rhodes.edu",
                 deleted_at: null,
                 created_at: "2018-10-30 17:00:56",
                 updated_at: "2018-10-30 17:00:56",
                 creator_id: 1,
                 owner_id: 1,
                 pivot: Illuminate\Database\Eloquent\Relations\Pivot {#3679 …2},
               },
             ],
           },
         },
       },
       App\Models\User {#3500
         id: 135,
         username: "birda_lewis@wustl.edu",
         contact_id: 127,
         email: "birda_lewis@wustl.edu",
         slug: null,
         dob_at: null,
         accepted_tos_at: null,
         last_login_at: null,
         email_confirmed_at: null,
         login_attempts: 0,
         active: 0,
         deleted_at: null,
         created_at: "2018-10-30 17:01:45",
         updated_at: "2018-10-30 17:01:45",
         contact: App\Models\Contact {#3589
           id: 127,
           name_id: 131,
           deleted_at: null,
           created_at: "2018-10-30 17:01:45",
           updated_at: "2018-10-30 17:01:45",
           creator_id: 1,
           owner_id: 1,
           organizations: Illuminate\Database\Eloquent\Collection {#3419
             all: [
               App\Models\Organization {#3742
                 id: 206,
                 address_id: null,
                 name_display: "Washington University in St. Louis",
                 name_alpha: "Washington University in St. Louis",
                 email: null,
                 website: "www.wustl.edu",
                 deleted_at: null,
                 created_at: "2018-10-30 17:00:57",
                 updated_at: "2018-10-30 17:00:57",
                 creator_id: 1,
                 owner_id: 1,
                 pivot: Illuminate\Database\Eloquent\Relations\Pivot {#3678 …2},
               },
             ],
           },
         },
       },
       App\Models\User {#3501
         id: 137,
         username: "boylan@american.edu",
         contact_id: 129,
         email: "boylan@american.edu",
         slug: null,
         dob_at: null,
         accepted_tos_at: null,
         last_login_at: null,
         email_confirmed_at: null,
         login_attempts: 0,
         active: 0,
         deleted_at: null,
         created_at: "2018-10-30 17:01:45",
         updated_at: "2018-10-30 17:01:45",
         contact: App\Models\Contact {#3590
           id: 129,
           name_id: 133,
           deleted_at: null,
           created_at: "2018-10-30 17:01:45",
           updated_at: "2018-10-30 17:01:45",
           creator_id: 1,
           owner_id: 1,
           organizations: Illuminate\Database\Eloquent\Collection {#3420
             all: [
               App\Models\Organization {#3743
                 id: 7,
                 address_id: null,
                 name_display: "American University",
                 name_alpha: "American University",
                 email: null,
                 website: "www.american.edu",
                 deleted_at: null,
                 created_at: "2018-10-30 17:00:54",
                 updated_at: "2018-10-30 17:00:54",
                 creator_id: 1,
                 owner_id: 1,
                 pivot: Illuminate\Database\Eloquent\Relations\Pivot {#3677 …2},
               },
             ],
           },
         },
       },
       App\Models\User {#3502
         id: 139,
         username: "lfindley@jsu.edu",
         contact_id: 131,
         email: "lfindley@jsu.edu",
         slug: null,
         dob_at: null,
         accepted_tos_at: null,
         last_login_at: null,
         email_confirmed_at: null,
         login_attempts: 0,
         active: 0,
         deleted_at: null,
         created_at: "2018-10-30 17:01:46",
         updated_at: "2018-10-30 17:01:46",
         contact: App\Models\Contact {#3591
           id: 131,
           name_id: 135,
           deleted_at: null,
           created_at: "2018-10-30 17:01:45",
           updated_at: "2018-10-30 17:01:45",
           creator_id: 1,
           owner_id: 1,
           organizations: Illuminate\Database\Eloquent\Collection {#3421
             all: [
               App\Models\Organization {#3744
                 id: 89,
                 address_id: null,
                 name_display: "Jacksonville State University",
                 name_alpha: "Jacksonville State University",
                 email: null,
                 website: "www.jsu.edu",
                 deleted_at: null,
                 created_at: "2018-10-30 17:00:56",
                 updated_at: "2018-10-30 17:00:56",
                 creator_id: 1,
                 owner_id: 1,
                 pivot: Illuminate\Database\Eloquent\Relations\Pivot {#3676 …2},
               },
             ],
           },
         },
       },
       App\Models\User {#3503
         id: 140,
         username: "hginn@jsu.edu",
         contact_id: 132,
         email: "hginn@jsu.edu",
         slug: null,
         dob_at: null,
         accepted_tos_at: null,
         last_login_at: null,
         email_confirmed_at: null,
         login_attempts: 0,
         active: 0,
         deleted_at: null,
         created_at: "2018-10-30 17:01:46",
         updated_at: "2018-10-30 17:01:46",
         contact: App\Models\Contact {#3592
           id: 132,
           name_id: 136,
           deleted_at: null,
           created_at: "2018-10-30 17:01:46",
           updated_at: "2018-10-30 17:01:46",
           creator_id: 1,
           owner_id: 1,
           organizations: Illuminate\Database\Eloquent\Collection {#3422
             all: [
               App\Models\Organization {#3745
                 id: 89,
                 address_id: null,
                 name_display: "Jacksonville State University",
                 name_alpha: "Jacksonville State University",
                 email: null,
                 website: "www.jsu.edu",
                 deleted_at: null,
                 created_at: "2018-10-30 17:00:56",
                 updated_at: "2018-10-30 17:00:56",
                 creator_id: 1,
                 owner_id: 1,
                 pivot: Illuminate\Database\Eloquent\Relations\Pivot {#3675 …2},
               },
             ],
           },
         },
       },
       App\Models\User {#3504
         id: 149,
         username: "ebrandt@neu.edu",
         contact_id: 141,
         email: "ebrandt@neu.edu",
         slug: null,
         dob_at: null,
         accepted_tos_at: null,
         last_login_at: null,
         email_confirmed_at: null,
         login_attempts: 0,
         active: 0,
         deleted_at: null,
         created_at: "2018-10-30 17:01:47",
         updated_at: "2018-10-30 17:01:47",
         contact: App\Models\Contact {#3593
           id: 141,
           name_id: 145,
           deleted_at: null,
           created_at: "2018-10-30 17:01:47",
           updated_at: "2018-10-30 17:01:47",
           creator_id: 1,
           owner_id: 1,
           organizations: Illuminate\Database\Eloquent\Collection {#3423
             all: [
               App\Models\Organization {#3746
                 id: 135,
                 address_id: null,
                 name_display: "Northeastern University",
                 name_alpha: "Northeastern University",
                 email: null,
                 website: "www.northeastern.edu",
                 deleted_at: null,
                 created_at: "2018-10-30 17:00:56",
                 updated_at: "2018-10-30 17:00:56",
                 creator_id: 1,
                 owner_id: 1,
                 pivot: Illuminate\Database\Eloquent\Relations\Pivot {#3674 …2},
               },
             ],
           },
         },
       },
       App\Models\User {#3505
         id: 150,
         username: "rpabich@northeastern.edu",
         contact_id: 142,
         email: "rpabich@northeastern.edu",
         slug: null,
         dob_at: null,
         accepted_tos_at: null,
         last_login_at: null,
         email_confirmed_at: null,
         login_attempts: 0,
         active: 0,
         deleted_at: null,
         created_at: "2018-10-30 17:01:47",
         updated_at: "2018-10-30 17:01:47",
         contact: App\Models\Contact {#3594
           id: 142,
           name_id: 146,
           deleted_at: null,
           created_at: "2018-10-30 17:01:47",
           updated_at: "2018-10-30 17:01:47",
           creator_id: 1,
           owner_id: 1,
           organizations: Illuminate\Database\Eloquent\Collection {#3424
             all: [
               App\Models\Organization {#3747
                 id: 135,
                 address_id: null,
                 name_display: "Northeastern University",
                 name_alpha: "Northeastern University",
                 email: null,
                 website: "www.northeastern.edu",
                 deleted_at: null,
                 created_at: "2018-10-30 17:00:56",
                 updated_at: "2018-10-30 17:00:56",
                 creator_id: 1,
                 owner_id: 1,
                 pivot: Illuminate\Database\Eloquent\Relations\Pivot {#3673 …2},
               },
             ],
           },
         },
       },
       App\Models\User {#3506
         id: 153,
         username: "ike.megwalu@nova.edu",
         contact_id: 145,
         email: "ike.megwalu@nova.edu",
         slug: null,
         dob_at: null,
         accepted_tos_at: null,
         last_login_at: null,
         email_confirmed_at: null,
         login_attempts: 0,
         active: 0,
         deleted_at: null,
         created_at: "2018-10-30 17:01:47",
         updated_at: "2018-10-30 17:01:47",
         contact: App\Models\Contact {#3595
           id: 145,
           name_id: 149,
           deleted_at: null,
           created_at: "2018-10-30 17:01:47",
           updated_at: "2018-10-30 17:01:47",
           creator_id: 1,
           owner_id: 1,
           organizations: Illuminate\Database\Eloquent\Collection {#3425
             all: [
               App\Models\Organization {#3748
                 id: 136,
                 address_id: null,
                 name_display: "Nova Southeastern University",
                 name_alpha: "Nova Southeastern University",
                 email: null,
                 website: "www.nova.edu",
                 deleted_at: null,
                 created_at: "2018-10-30 17:00:56",
                 updated_at: "2018-10-30 17:00:56",
                 creator_id: 1,
                 owner_id: 1,
                 pivot: Illuminate\Database\Eloquent\Relations\Pivot {#3672 …2},
               },
             ],
           },
         },
       },
       App\Models\User {#3507
         id: 155,
         username: "jjtaylor@olemiss.edu",
         contact_id: 147,
         email: "jjtaylor@olemiss.edu",
         slug: null,
         dob_at: null,
         accepted_tos_at: null,
         last_login_at: null,
         email_confirmed_at: null,
         login_attempts: 0,
         active: 0,
         deleted_at: null,
         created_at: "2018-10-30 17:01:48",
         updated_at: "2018-10-30 17:01:48",
         contact: App\Models\Contact {#3596
           id: 147,
           name_id: 151,
           deleted_at: null,
           created_at: "2018-10-30 17:01:47",
           updated_at: "2018-10-30 17:01:47",
           creator_id: 1,
           owner_id: 1,
           organizations: Illuminate\Database\Eloquent\Collection {#3426
             all: [
               App\Models\Organization {#3749
                 id: 126,
                 address_id: null,
                 name_display: "University of Mississippi",
                 name_alpha: "Mississippi, University of",
                 email: null,
                 website: "www.olemiss.edu",
                 deleted_at: null,
                 created_at: "2018-10-30 17:00:56",
                 updated_at: "2018-10-30 17:00:56",
                 creator_id: 1,
                 owner_id: 1,
                 pivot: Illuminate\Database\Eloquent\Relations\Pivot {#3671 …2},
               },
             ],
           },
         },
       },
       App\Models\User {#3508
         id: 161,
         username: "mhamilton@carleton.edu",
         contact_id: 153,
         email: "mhamilton@carleton.edu",
         slug: null,
         dob_at: null,
         accepted_tos_at: null,
         last_login_at: null,
         email_confirmed_at: null,
         login_attempts: 0,
         active: 0,
         deleted_at: null,
         created_at: "2018-10-30 17:01:49",
         updated_at: "2018-10-30 17:01:49",
         contact: App\Models\Contact {#3597
           id: 153,
           name_id: 157,
           deleted_at: null,
           created_at: "2018-10-30 17:01:49",
           updated_at: "2018-10-30 17:01:49",
           creator_id: 1,
           owner_id: 1,
           organizations: Illuminate\Database\Eloquent\Collection {#3427
             all: [
               App\Models\Organization {#3750
                 id: 26,
                 address_id: null,
                 name_display: "Carleton College",
                 name_alpha: "Carleton College",
                 email: null,
                 website: "www.carleton.edu",
                 deleted_at: null,
                 created_at: "2018-10-30 17:00:54",
                 updated_at: "2018-10-30 17:00:54",
                 creator_id: 1,
                 owner_id: 1,
                 pivot: Illuminate\Database\Eloquent\Relations\Pivot {#3670 …2},
               },
             ],
           },
         },
       },
       App\Models\User {#3509
         id: 162,
         username: "rcrep@hamilton.edu",
         contact_id: 154,
         email: "rcrep@hamilton.edu",
         slug: null,
         dob_at: null,
         accepted_tos_at: null,
         last_login_at: null,
         email_confirmed_at: null,
         login_attempts: 0,
         active: 0,
         deleted_at: null,
         created_at: "2018-10-30 17:01:49",
         updated_at: "2018-10-30 17:01:49",
         contact: App\Models\Contact {#3598
           id: 154,
           name_id: 158,
           deleted_at: null,
           created_at: "2018-10-30 17:01:49",
           updated_at: "2018-10-30 17:01:49",
           creator_id: 1,
           owner_id: 1,
           organizations: Illuminate\Database\Eloquent\Collection {#3428
             all: [
               App\Models\Organization {#3751
                 id: 80,
                 address_id: null,
                 name_display: "Hamilton College",
                 name_alpha: "Hamilton College",
                 email: null,
                 website: "www.hamilton.edu",
                 deleted_at: null,
                 created_at: "2018-10-30 17:00:55",
                 updated_at: "2018-10-30 17:00:55",
                 creator_id: 1,
                 owner_id: 1,
                 pivot: Illuminate\Database\Eloquent\Relations\Pivot {#3669 …2},
               },
             ],
           },
         },
       },
       App\Models\User {#3510
         id: 168,
         username: "ezuccher@bsc.edu",
         contact_id: 160,
         email: "ezuccher@bsc.edu",
         slug: null,
         dob_at: null,
         accepted_tos_at: null,
         last_login_at: null,
         email_confirmed_at: null,
         login_attempts: 0,
         active: 0,
         deleted_at: null,
         created_at: "2018-10-30 17:01:50",
         updated_at: "2018-10-30 17:01:50",
         contact: App\Models\Contact {#3599
           id: 160,
           name_id: 164,
           deleted_at: null,
           created_at: "2018-10-30 17:01:50",
           updated_at: "2018-10-30 17:01:50",
           creator_id: 1,
           owner_id: 1,
           organizations: Illuminate\Database\Eloquent\Collection {#3429
             all: [
               App\Models\Organization {#3752
                 id: 19,
                 address_id: null,
                 name_display: "Birmingham-Southern College",
                 name_alpha: "Birmingham-Southern College",
                 email: null,
                 website: "www.bsc.edu",
                 deleted_at: null,
                 created_at: "2018-10-30 17:00:54",
                 updated_at: "2018-10-30 17:00:54",
                 creator_id: 1,
                 owner_id: 1,
                 pivot: Illuminate\Database\Eloquent\Relations\Pivot {#3668 …2},
               },
             ],
           },
         },
       },
       App\Models\User {#3511
         id: 178,
         username: "will.brown@gcsu.edu",
         contact_id: 170,
         email: "will.brown@gcsu.edu",
         slug: null,
         dob_at: null,
         accepted_tos_at: null,
         last_login_at: null,
         email_confirmed_at: null,
         login_attempts: 0,
         active: 0,
         deleted_at: null,
         created_at: "2018-10-30 17:01:52",
         updated_at: "2018-10-30 17:01:52",
         contact: App\Models\Contact {#3600
           id: 170,
           name_id: 174,
           deleted_at: null,
           created_at: "2018-10-30 17:01:52",
           updated_at: "2018-10-30 17:01:52",
           creator_id: 1,
           owner_id: 1,
           organizations: Illuminate\Database\Eloquent\Collection {#3430
             all: [
               App\Models\Organization {#3753
                 id: 74,
                 address_id: null,
                 name_display: "Georgia College",
                 name_alpha: "Georgia College",
                 email: null,
                 website: "www.gcsu.edu",
                 deleted_at: null,
                 created_at: "2018-10-30 17:00:55",
                 updated_at: "2018-10-30 17:00:55",
                 creator_id: 1,
                 owner_id: 1,
                 pivot: Illuminate\Database\Eloquent\Relations\Pivot {#3667 …2},
               },
             ],
           },
         },
       },
       App\Models\User {#3512
         id: 179,
         username: "jessi.jenkins@gcsu.edu",
         contact_id: 171,
         email: "jessi.jenkins@gcsu.edu",
         slug: null,
         dob_at: null,
         accepted_tos_at: null,
         last_login_at: null,
         email_confirmed_at: null,
         login_attempts: 0,
         active: 0,
         deleted_at: null,
         created_at: "2018-10-30 17:01:52",
         updated_at: "2018-10-30 17:01:52",
         contact: App\Models\Contact {#3601
           id: 171,
           name_id: 175,
           deleted_at: null,
           created_at: "2018-10-30 17:01:52",
           updated_at: "2018-10-30 17:01:52",
           creator_id: 1,
           owner_id: 1,
           organizations: Illuminate\Database\Eloquent\Collection {#3431
             all: [
               App\Models\Organization {#3754
                 id: 74,
                 address_id: null,
                 name_display: "Georgia College",
                 name_alpha: "Georgia College",
                 email: null,
                 website: "www.gcsu.edu",
                 deleted_at: null,
                 created_at: "2018-10-30 17:00:55",
                 updated_at: "2018-10-30 17:00:55",
                 creator_id: 1,
                 owner_id: 1,
                 pivot: Illuminate\Database\Eloquent\Relations\Pivot {#3666 …2},
               },
             ],
           },
         },
       },
       App\Models\User {#3513
         id: 180,
         username: "coneil@berry.edu",
         contact_id: 172,
         email: "coneil@berry.edu",
         slug: null,
         dob_at: null,
         accepted_tos_at: null,
         last_login_at: null,
         email_confirmed_at: null,
         login_attempts: 0,
         active: 0,
         deleted_at: null,
         created_at: "2018-10-30 17:01:52",
         updated_at: "2018-10-30 17:01:52",
         contact: App\Models\Contact {#3602
           id: 172,
           name_id: 176,
           deleted_at: null,
           created_at: "2018-10-30 17:01:52",
           updated_at: "2018-10-30 17:01:52",
           creator_id: 1,
           owner_id: 1,
           organizations: Illuminate\Database\Eloquent\Collection {#3432
             all: [
               App\Models\Organization {#3755
                 id: 17,
                 address_id: null,
                 name_display: "Berry College",
                 name_alpha: "Berry College",
                 email: null,
                 website: "www.berry.edu",
                 deleted_at: null,
                 created_at: "2018-10-30 17:00:54",
                 updated_at: "2018-10-30 17:00:54",
                 creator_id: 1,
                 owner_id: 1,
                 pivot: Illuminate\Database\Eloquent\Relations\Pivot {#3665 …2},
               },
             ],
           },
         },
       },
       App\Models\User {#3514
         id: 192,
         username: "gmassey@mca.edu",
         contact_id: 184,
         email: "gmassey@mca.edu",
         slug: null,
         dob_at: null,
         accepted_tos_at: null,
         last_login_at: null,
         email_confirmed_at: null,
         login_attempts: 0,
         active: 0,
         deleted_at: null,
         created_at: "2018-10-30 17:01:54",
         updated_at: "2018-10-30 17:01:54",
         contact: App\Models\Contact {#3603
           id: 184,
           name_id: 188,
           deleted_at: null,
           created_at: "2018-10-30 17:01:54",
           updated_at: "2018-10-30 17:01:54",
           creator_id: 1,
           owner_id: 1,
           organizations: Illuminate\Database\Eloquent\Collection {#3433
             all: [
               App\Models\Organization {#3756
                 id: 118,
                 address_id: null,
                 name_display: "Memphis College of Art",
                 name_alpha: "Memphis College of Art",
                 email: null,
                 website: "www.mca.edu",
                 deleted_at: null,
                 created_at: "2018-10-30 17:00:56",
                 updated_at: "2018-10-30 17:00:56",
                 creator_id: 1,
                 owner_id: 1,
                 pivot: Illuminate\Database\Eloquent\Relations\Pivot {#3664 …2},
               },
             ],
           },
         },
       },
       App\Models\User {#3515
         id: 195,
         username: "bradybe@hiwassee.edu",
         contact_id: 187,
         email: "bradybe@hiwassee.edu",
         slug: null,
         dob_at: null,
         accepted_tos_at: null,
         last_login_at: null,
         email_confirmed_at: null,
         login_attempts: 0,
         active: 0,
         deleted_at: null,
         created_at: "2018-10-30 17:01:55",
         updated_at: "2018-10-30 17:01:55",
         contact: App\Models\Contact {#3604
           id: 187,
           name_id: 191,
           deleted_at: null,
           created_at: "2018-10-30 17:01:55",
           updated_at: "2018-10-30 17:01:55",
           creator_id: 1,
           owner_id: 1,
           organizations: Illuminate\Database\Eloquent\Collection {#3434
             all: [
               App\Models\Organization {#3757
                 id: 84,
                 address_id: null,
                 name_display: "Hiwassee College ",
                 name_alpha: "Hiwassee College ",
                 email: null,
                 website: "www.hiwassee.edu",
                 deleted_at: null,
                 created_at: "2018-10-30 17:00:56",
                 updated_at: "2018-10-30 17:00:56",
                 creator_id: 1,
                 owner_id: 1,
                 pivot: Illuminate\Database\Eloquent\Relations\Pivot {#3663 …2},
               },
             ],
           },
         },
       },
       App\Models\User {#3516
         id: 196,
         username: "christian.montgomery@wku.edu",
         contact_id: 188,
         email: "christian.montgomery@wku.edu",
         slug: null,
         dob_at: null,
         accepted_tos_at: null,
         last_login_at: null,
         email_confirmed_at: null,
         login_attempts: 0,
         active: 0,
         deleted_at: null,
         created_at: "2018-10-30 17:01:55",
         updated_at: "2018-10-30 17:01:55",
         contact: App\Models\Contact {#3605
           id: 188,
           name_id: 192,
           deleted_at: null,
           created_at: "2018-10-30 17:01:55",
           updated_at: "2018-10-30 17:01:55",
           creator_id: 1,
           owner_id: 1,
           organizations: Illuminate\Database\Eloquent\Collection {#3435
             all: [
               App\Models\Organization {#3758
                 id: 209,
                 address_id: null,
                 name_display: "Western Kentucky University",
                 name_alpha: "Western Kentucky University",
                 email: null,
                 website: "www.wku.edu",
                 deleted_at: null,
                 created_at: "2018-10-30 17:00:57",
                 updated_at: "2018-10-30 17:00:57",
                 creator_id: 1,
                 owner_id: 1,
                 pivot: Illuminate\Database\Eloquent\Relations\Pivot {#3662 …2},
               },
             ],
           },
         },
       },
       App\Models\User {#3517
         id: 197,
         username: "ben.liebman@wku.edu",
         contact_id: 189,
         email: "ben.liebman@wku.edu",
         slug: null,
         dob_at: null,
         accepted_tos_at: null,
         last_login_at: null,
         email_confirmed_at: null,
         login_attempts: 0,
         active: 0,
         deleted_at: null,
         created_at: "2018-10-30 17:01:55",
         updated_at: "2018-10-30 17:01:55",
         contact: App\Models\Contact {#3606
           id: 189,
           name_id: 193,
           deleted_at: null,
           created_at: "2018-10-30 17:01:55",
           updated_at: "2018-10-30 17:01:55",
           creator_id: 1,
           owner_id: 1,
           organizations: Illuminate\Database\Eloquent\Collection {#3436
             all: [
               App\Models\Organization {#3759
                 id: 209,
                 address_id: null,
                 name_display: "Western Kentucky University",
                 name_alpha: "Western Kentucky University",
                 email: null,
                 website: "www.wku.edu",
                 deleted_at: null,
                 created_at: "2018-10-30 17:00:57",
                 updated_at: "2018-10-30 17:00:57",
                 creator_id: 1,
                 owner_id: 1,
                 pivot: Illuminate\Database\Eloquent\Relations\Pivot {#3661 …2},
               },
             ],
           },
         },
       },
       App\Models\User {#3518
         id: 199,
         username: "xan.roseberry@admission.gatech.edu",
         contact_id: 191,
         email: "xan.roseberry@admission.gatech.edu",
         slug: null,
         dob_at: null,
         accepted_tos_at: null,
         last_login_at: null,
         email_confirmed_at: null,
         login_attempts: 0,
         active: 0,
         deleted_at: null,
         created_at: "2018-10-30 17:01:55",
         updated_at: "2018-10-30 17:01:55",
         contact: App\Models\Contact {#3607
           id: 191,
           name_id: 195,
           deleted_at: null,
           created_at: "2018-10-30 17:01:55",
           updated_at: "2018-10-30 17:01:55",
           creator_id: 1,
           owner_id: 1,
           organizations: Illuminate\Database\Eloquent\Collection {#3437
             all: [
               App\Models\Organization {#3760
                 id: 75,
                 address_id: null,
                 name_display: "Georgia Institute of Technology",
                 name_alpha: "Georgia Institute of Technology",
                 email: null,
                 website: "www.gatech.edu",
                 deleted_at: null,
                 created_at: "2018-10-30 17:00:55",
                 updated_at: "2018-10-30 17:00:55",
                 creator_id: 1,
                 owner_id: 1,
                  …1
               },
             ],
           },
         },
       },
       App\Models\User {#3519
         id: 204,
         username: "shall@ua.edu",
         contact_id: 196,
         email: "shall@ua.edu",
         slug: null,
         dob_at: null,
         accepted_tos_at: null,
         last_login_at: null,
         email_confirmed_at: null,
         login_attempts: 0,
         active: 0,
         deleted_at: null,
         created_at: "2018-10-30 17:01:57",
         updated_at: "2018-10-30 17:01:57",
         contact: App\Models\Contact {#3608
           id: 196,
           name_id: 200,
           deleted_at: null,
           created_at: "2018-10-30 17:01:57",
           updated_at: "2018-10-30 17:01:57",
           creator_id: 1,
           owner_id: 1,
           organizations: Illuminate\Database\Eloquent\Collection {#3438
             all: [
               App\Models\Organization {#3761 …12},
             ],
           },
         },
       },
       App\Models\User {#3520
         id: 205,
         username: "mwhitten@ua.edu",
         contact_id: 197,
         email: "mwhitten@ua.edu",
         slug: null,
         dob_at: null,
         accepted_tos_at: null,
         last_login_at: null,
         email_confirmed_at: null,
         login_attempts: 0,
         active: 0,
         deleted_at: null,
         created_at: "2018-10-30 17:01:57",
         updated_at: "2018-10-30 17:01:57",
         contact: App\Models\Contact {#3609
           id: 197,
           name_id: 201,
           deleted_at: null,
           created_at: "2018-10-30 17:01:57",
           updated_at: "2018-10-30 17:01:57",
           creator_id: 1,
           owner_id: 1,
           organizations: Illuminate\Database\Eloquent\Collection {#3439
             all: [
               App\Models\Organization {#3762 …12},
             ],
           },
         },
       },
       App\Models\User {#3521
         id: 210,
         username: "mary.stewart@salem.edu",
         contact_id: 202,
         email: "mary.stewart@salem.edu",
         slug: null,
         dob_at: null,
         accepted_tos_at: null,
         last_login_at: null,
         email_confirmed_at: null,
         login_attempts: 0,
         active: 0,
         deleted_at: null,
         created_at: "2018-10-30 17:01:58",
         updated_at: "2018-10-30 17:01:58",
         contact: App\Models\Contact {#3610
           id: 202,
           name_id: 206,
           deleted_at: null,
           created_at: "2018-10-30 17:01:57",
           updated_at: "2018-10-30 17:01:57",
           creator_id: 1,
           owner_id: 1,
           organizations: Illuminate\Database\Eloquent\Collection {#3440
             all: [
               App\Models\Organization {#3763 …12},
             ],
           },
         },
       },
       App\Models\User {#3522
         id: 214,
         username: "bianchae@lafayette.edu",
         contact_id: 206,
         email: "bianchae@lafayette.edu",
         slug: null,
         dob_at: null,
         accepted_tos_at: null,
         last_login_at: null,
         email_confirmed_at: null,
         login_attempts: 0,
         active: 0,
         deleted_at: null,
         created_at: "2018-10-30 17:01:58",
         updated_at: "2018-10-30 17:01:58",
         contact: App\Models\Contact {#3611
           id: 206,
           name_id: 210,
           deleted_at: null,
           created_at: "2018-10-30 17:01:58",
           updated_at: "2018-10-30 17:01:58",
           creator_id: 1,
           owner_id: 1,
           organizations: Illuminate\Database\Eloquent\Collection {#3441
             all: [
               App\Models\Organization {#3764 …12},
             ],
           },
         },
       },
       App\Models\User {#3523
         id: 215,
         username: "wruder@purdue.edu",
         contact_id: 207,
         email: "wruder@purdue.edu",
         slug: null,
         dob_at: null,
         accepted_tos_at: null,
         last_login_at: null,
         email_confirmed_at: null,
         login_attempts: 0,
         active: 0,
         deleted_at: null,
         created_at: "2018-10-30 17:01:58",
         updated_at: "2018-10-30 17:01:58",
         contact: App\Models\Contact {#3612
           id: 207,
           name_id: 211,
           deleted_at: null,
           created_at: "2018-10-30 17:01:58",
           updated_at: "2018-10-30 17:01:58",
           creator_id: 1,
           owner_id: 1,
           organizations: Illuminate\Database\Eloquent\Collection {#3442
             all: [
               App\Models\Organization {#3765 …12},
             ],
           },
         },
       },
       App\Models\User {#3524
         id: 221,
         username: "mricharson@richmond.edu",
         contact_id: 213,
         email: "mricharson@richmond.edu",
         slug: null,
         dob_at: null,
         accepted_tos_at: null,
         last_login_at: null,
         email_confirmed_at: null,
         login_attempts: 0,
         active: 0,
         deleted_at: null,
         created_at: "2018-10-30 17:01:59",
         updated_at: "2018-10-30 17:01:59",
         contact: App\Models\Contact {#3613
           id: 213,
           name_id: 217,
           deleted_at: null,
           created_at: "2018-10-30 17:01:59",
           updated_at: "2018-10-30 17:01:59",
           creator_id: 1,
           owner_id: 1,
           organizations: Illuminate\Database\Eloquent\Collection {#3443
             all: [
               App\Models\Organization {#3766 …12},
             ],
           },
         },
       },
       App\Models\User {#3525
         id: 222,
         username: "nsaint@richmond.edu",
         contact_id: 214,
         email: "nsaint@richmond.edu",
         slug: null,
         dob_at: null,
         accepted_tos_at: null,
         last_login_at: null,
         email_confirmed_at: null,
         login_attempts: 0,
         active: 0,
         deleted_at: null,
         created_at: "2018-10-30 17:02:00",
         updated_at: "2018-10-30 17:02:00",
         contact: App\Models\Contact {#3614
           id: 214,
           name_id: 218,
           deleted_at: null,
           created_at: "2018-10-30 17:01:59",
           updated_at: "2018-10-30 17:01:59",
           creator_id: 1,
           owner_id: 1,
           organizations: Illuminate\Database\Eloquent\Collection {#3444
             all: [
               App\Models\Organization {#3767 …12},
             ],
           },
         },
       },
       App\Models\User {#3526
         id: 232,
         username: "baytopsr@dickinson.edu",
         contact_id: 224,
         email: "baytopsr@dickinson.edu",
         slug: null,
         dob_at: null,
         accepted_tos_at: null,
         last_login_at: null,
         email_confirmed_at: null,
         login_attempts: 0,
         active: 0,
         deleted_at: null,
         created_at: "2018-10-30 17:02:05",
         updated_at: "2018-10-30 17:02:05",
         contact: App\Models\Contact {#3615
           id: 224,
           name_id: 228,
           deleted_at: null,
           created_at: "2018-10-30 17:02:04",
           updated_at: "2018-10-30 17:02:04",
           creator_id: 1,
           owner_id: 1,
           organizations: Illuminate\Database\Eloquent\Collection {#3445
             all: [
               App\Models\Organization {#3768 …12},
             ],
           },
         },
       },
       App\Models\User {#3527
         id: 241,
         username: "CFR",
         contact_id: 233,
         email: "CFR",
         slug: null,
         dob_at: null,
         accepted_tos_at: null,
         last_login_at: null,
         email_confirmed_at: null,
         login_attempts: 0,
         active: 0,
         deleted_at: null,
         created_at: "2018-10-30 17:02:09",
         updated_at: "2018-10-30 17:02:09",
         contact: App\Models\Contact {#3616
           id: 233,
           name_id: 237,
           deleted_at: null,
           created_at: "2018-10-30 17:02:09",
           updated_at: "2018-10-30 17:02:09",
           creator_id: 1,
           owner_id: 1,
           organizations: Illuminate\Database\Eloquent\Collection {#3449
             all: [],
           },
         },
       },
       App\Models\User {#3528
         id: 250,
         username: "didoss@comcast.net",
         contact_id: 242,
         email: "didoss@comcast.net",
         slug: null,
         dob_at: null,
         accepted_tos_at: null,
         last_login_at: null,
         email_confirmed_at: null,
         login_attempts: 0,
         active: 0,
         deleted_at: null,
         created_at: "2018-10-30 17:02:11",
         updated_at: "2018-10-30 17:02:11",
         contact: App\Models\Contact {#3617
           id: 242,
           name_id: 246,
           deleted_at: null,
           created_at: "2018-10-30 17:02:11",
           updated_at: "2018-10-30 17:02:11",
           creator_id: 1,
           owner_id: 1,
           organizations: Illuminate\Database\Eloquent\Collection {#3448
             all: [
               App\Models\Organization {#3769 …12},
             ],
           },
         },
       },
       App\Models\User {#3529
         id: 251,
         username: "enadeau@southalabama.edu",
         contact_id: 243,
         email: "enadeau@southalabama.edu",
         slug: null,
         dob_at: null,
         accepted_tos_at: null,
         last_login_at: null,
         email_confirmed_at: null,
         login_attempts: 0,
         active: 0,
         deleted_at: null,
         created_at: "2018-10-30 17:02:13",
         updated_at: "2018-10-30 17:02:13",
         contact: App\Models\Contact {#3618
           id: 243,
           name_id: 247,
           deleted_at: null,
           created_at: "2018-10-30 17:02:13",
           updated_at: "2018-10-30 17:02:13",
           creator_id: 1,
           owner_id: 1,
           organizations: Illuminate\Database\Eloquent\Collection {#3452
             all: [
               App\Models\Organization {#3770 …12},
             ],
           },
         },
       },
       App\Models\User {#3530
         id: 252,
         username: "rmclaughlin@southalabama.edu",
         contact_id: 244,
         email: "rmclaughlin@southalabama.edu",
         slug: null,
         dob_at: null,
         accepted_tos_at: null,
         last_login_at: null,
         email_confirmed_at: null,
         login_attempts: 0,
         active: 0,
         deleted_at: null,
         created_at: "2018-10-30 17:02:13",
         updated_at: "2018-10-30 17:02:13",
         contact: App\Models\Contact {#3619
           id: 244,
           name_id: 248,
           deleted_at: null,
           created_at: "2018-10-30 17:02:13",
           updated_at: "2018-10-30 17:02:13",
           creator_id: 1,
           owner_id: 1,
           organizations: Illuminate\Database\Eloquent\Collection {#3446
             all: [
               App\Models\Organization {#3771 …12},
             ],
           },
         },
       },
       App\Models\User {#3531
         id: 272,
         username: "Kayla@rsm.org",
         contact_id: 264,
         email: "Kayla@rsm.org",
         slug: null,
         dob_at: null,
         accepted_tos_at: null,
         last_login_at: null,
         email_confirmed_at: null,
         login_attempts: 0,
         active: 0,
         deleted_at: null,
         created_at: "2018-10-30 17:02:16",
         updated_at: "2018-10-30 17:02:16",
         contact: App\Models\Contact {#3620
           id: 264,
           name_id: 268,
           deleted_at: null,
           created_at: "2018-10-30 17:02:16",
           updated_at: "2018-10-30 17:02:16",
           creator_id: 1,
           owner_id: 1,
           organizations: Illuminate\Database\Eloquent\Collection {#3450
             all: [
               App\Models\Organization {#3772 …12},
             ],
           },
         },
       },
       App\Models\User {#3532
         id: 275,
         username: "PNG0002@UAH.edu",
         contact_id: 267,
         email: "PNG0002@UAH.edu",
         slug: null,
         dob_at: null,
         accepted_tos_at: null,
         last_login_at: null,
         email_confirmed_at: null,
         login_attempts: 0,
         active: 0,
         deleted_at: null,
         created_at: "2018-10-30 17:02:17",
         updated_at: "2018-10-30 17:02:17",
         contact: App\Models\Contact {#3621
           id: 267,
           name_id: 271,
           deleted_at: null,
           created_at: "2018-10-30 17:02:17",
           updated_at: "2018-10-30 17:02:17",
           creator_id: 1,
           owner_id: 1,
           organizations: Illuminate\Database\Eloquent\Collection {#3447
             all: [
               App\Models\Organization {#3773 …12},
             ],
           },
         },
       },
       App\Models\User {#3533
         id: 286,
         username: "tragland@cumberland.edu",
         contact_id: 278,
         email: "tragland@cumberland.edu",
         slug: null,
         dob_at: null,
         accepted_tos_at: null,
         last_login_at: null,
         email_confirmed_at: null,
         login_attempts: 0,
         active: 0,
         deleted_at: null,
         created_at: "2018-10-30 17:02:21",
         updated_at: "2018-10-30 17:02:21",
         contact: App\Models\Contact {#3622
           id: 278,
           name_id: 282,
           deleted_at: null,
           created_at: "2018-10-30 17:02:21",
           updated_at: "2018-10-30 17:02:21",
           creator_id: 1,
           owner_id: 1,
           organizations: Illuminate\Database\Eloquent\Collection {#3555
             all: [
               App\Models\Organization {#3774 …12},
             ],
           },
         },
       },
       App\Models\User {#3534
         id: 291,
         username: "liz.stark@case.edu",
         contact_id: 283,
         email: "liz.stark@case.edu",
         slug: null,
         dob_at: null,
         accepted_tos_at: null,
         last_login_at: null,
         email_confirmed_at: null,
         login_attempts: 0,
         active: 0,
         deleted_at: null,
         created_at: "2018-10-30 17:02:24",
         updated_at: "2018-10-30 17:02:24",
         contact: App\Models\Contact {#3623
           id: 283,
           name_id: 287,
           deleted_at: null,
           created_at: "2018-10-30 17:02:24",
           updated_at: "2018-10-30 17:02:24",
           creator_id: 1,
           owner_id: 1,
           organizations: Illuminate\Database\Eloquent\Collection {#3554
             all: [
               App\Models\Organization {#3775 …12},
             ],
           },
         },
       },
       App\Models\User {#3535
         id: 293,
         username: "wellsme@vcu.edu",
         contact_id: 285,
         email: "wellsme@vcu.edu",
         slug: null,
         dob_at: null,
         accepted_tos_at: null,
         last_login_at: null,
         email_confirmed_at: null,
         login_attempts: 0,
         active: 0,
         deleted_at: null,
         created_at: "2018-10-30 17:02:25",
         updated_at: "2018-10-30 17:02:25",
         contact: App\Models\Contact {#3624
           id: 285,
           name_id: 289,
           deleted_at: null,
           created_at: "2018-10-30 17:02:25",
           updated_at: "2018-10-30 17:02:25",
           creator_id: 1,
           owner_id: 1,
           organizations: Illuminate\Database\Eloquent\Collection {#3553
             all: [
               App\Models\Organization {#3776 …12},
             ],
           },
         },
       },
       App\Models\User {#3536
         id: 297,
         username: "bljohnson@aii.edu",
         contact_id: 289,
         email: "bljohnson@aii.edu",
         slug: null,
         dob_at: null,
         accepted_tos_at: null,
         last_login_at: null,
         email_confirmed_at: null,
         login_attempts: 0,
         active: 0,
         deleted_at: null,
         created_at: "2018-10-30 17:02:26",
         updated_at: "2018-10-30 17:02:26",
         contact: App\Models\Contact {#3625
           id: 289,
           name_id: 293,
           deleted_at: null,
           created_at: "2018-10-30 17:02:26",
           updated_at: "2018-10-30 17:02:26",
           creator_id: 1,
           owner_id: 1,
           organizations: Illuminate\Database\Eloquent\Collection {#3552
             all: [
               App\Models\Organization {#3777 …12},
             ],
           },
         },
       },
       App\Models\User {#3537
         id: 298,
         username: "Demond.lester@aamu.edu",
         contact_id: 290,
         email: "Demond.lester@aamu.edu",
         slug: null,
         dob_at: null,
         accepted_tos_at: null,
         last_login_at: null,
         email_confirmed_at: null,
         login_attempts: 0,
         active: 0,
         deleted_at: null,
         created_at: "2018-10-30 17:02:26",
         updated_at: "2018-10-30 17:02:26",
         contact: App\Models\Contact {#3626
           id: 290,
           name_id: 294,
           deleted_at: null,
           created_at: "2018-10-30 17:02:26",
           updated_at: "2018-10-30 17:02:26",
           creator_id: 1,
           owner_id: 1,
           organizations: Illuminate\Database\Eloquent\Collection {#3453
             all: [],
           },
         },
       },
       App\Models\User {#3538
         id: 300,
         username: "nostramr@eckerd.edu",
         contact_id: 292,
         email: "nostramr@eckerd.edu",
         slug: null,
         dob_at: null,
         accepted_tos_at: null,
         last_login_at: null,
         email_confirmed_at: null,
         login_attempts: 0,
         active: 0,
         deleted_at: null,
         created_at: "2018-10-30 17:02:27",
         updated_at: "2018-10-30 17:02:27",
         contact: App\Models\Contact {#3627
           id: 292,
           name_id: 296,
           deleted_at: null,
           created_at: "2018-10-30 17:02:26",
           updated_at: "2018-10-30 17:02:26",
           creator_id: 1,
           owner_id: 1,
           organizations: Illuminate\Database\Eloquent\Collection {#3451
             all: [
               App\Models\Organization {#3778 …12},
             ],
           },
         },
       },
       App\Models\User {#3539
         id: 303,
         username: "nal56@drexel.edu",
         contact_id: 295,
         email: "nal56@drexel.edu",
         slug: null,
         dob_at: null,
         accepted_tos_at: null,
         last_login_at: null,
         email_confirmed_at: null,
         login_attempts: 0,
         active: 0,
         deleted_at: null,
         created_at: "2018-10-30 17:02:27",
         updated_at: "2018-10-30 17:02:27",
         contact: App\Models\Contact {#3628
           id: 295,
           name_id: 299,
           deleted_at: null,
           created_at: "2018-10-30 17:02:27",
           updated_at: "2018-10-30 17:02:27",
           creator_id: 1,
           owner_id: 1,
           organizations: Illuminate\Database\Eloquent\Collection {#3556
             all: [
               App\Models\Organization {#3779 …12},
             ],
           },
         },
       },
       App\Models\User {#3540
         id: 313,
         username: " Henry College",
         contact_id: 305,
         email: " Henry College",
         slug: null,
         dob_at: null,
         accepted_tos_at: null,
         last_login_at: null,
         email_confirmed_at: null,
         login_attempts: 0,
         active: 0,
         deleted_at: null,
         created_at: "2018-10-30 17:02:28",
         updated_at: "2018-10-30 17:02:28",
         contact: App\Models\Contact {#3629
           id: 305,
           name_id: 309,
           deleted_at: null,
           created_at: "2018-10-30 17:02:28",
           updated_at: "2018-10-30 17:02:28",
           creator_id: 1,
           owner_id: 1,
           organizations: Illuminate\Database\Eloquent\Collection {#3632
             all: [],
           },
         },
       },
       App\Models\User {#3541
         id: 315,
         username: "pcarney@jwu.edu",
         contact_id: 307,
         email: "pcarney@jwu.edu",
         slug: null,
         dob_at: null,
         accepted_tos_at: null,
         last_login_at: null,
         email_confirmed_at: null,
         login_attempts: 0,
         active: 0,
         deleted_at: null,
         created_at: "2018-10-30 17:02:29",
         updated_at: "2018-10-30 17:02:29",
         contact: App\Models\Contact {#3630
           id: 307,
           name_id: 311,
           deleted_at: null,
           created_at: "2018-10-30 17:02:28",
           updated_at: "2018-10-30 17:02:28",
           creator_id: 1,
           owner_id: 1,
           organizations: Illuminate\Database\Eloquent\Collection {#3631
             all: [
               App\Models\Organization {#3780 …12},
             ],
           },
         },
       },
     ],
   }
Exit:  Goodbye
